TN:
SF:src/web.ts
FN:12,(anonymous_0)
FN:18,(anonymous_1)
FN:65,(anonymous_2)
FN:96,(anonymous_3)
FN:101,(anonymous_4)
FN:158,(anonymous_5)
FN:187,(anonymous_6)
FN:194,(anonymous_7)
FN:216,(anonymous_8)
FN:219,(anonymous_9)
FN:224,(anonymous_10)
FN:234,(anonymous_11)
FN:237,(anonymous_12)
FN:241,(anonymous_13)
FN:262,(anonymous_14)
FN:276,(anonymous_15)
FN:286,(anonymous_16)
FN:305,(anonymous_17)
FN:320,(anonymous_18)
FNF:19
FNH:11
FNDA:21,(anonymous_0)
FNDA:16,(anonymous_1)
FNDA:0,(anonymous_2)
FNDA:0,(anonymous_3)
FNDA:0,(anonymous_4)
FNDA:0,(anonymous_5)
FNDA:0,(anonymous_6)
FNDA:0,(anonymous_7)
FNDA:1,(anonymous_8)
FNDA:32,(anonymous_9)
FNDA:1,(anonymous_10)
FNDA:0,(anonymous_11)
FNDA:0,(anonymous_12)
FNDA:1,(anonymous_13)
FNDA:3,(anonymous_14)
FNDA:2,(anonymous_15)
FNDA:2,(anonymous_16)
FNDA:3,(anonymous_17)
FNDA:1,(anonymous_18)
DA:1,1
DA:12,1
DA:13,21
DA:14,21
DA:15,21
DA:16,21
DA:19,16
DA:22,16
DA:23,1
DA:26,15
DA:27,2
DA:30,13
DA:31,0
DA:35,13
DA:36,0
DA:39,13
DA:40,0
DA:43,13
DA:44,0
DA:48,13
DA:55,13
DA:57,13
DA:66,0
DA:68,0
DA:69,0
DA:73,0
DA:74,0
DA:78,0
DA:79,0
DA:80,0
DA:83,0
DA:84,0
DA:87,0
DA:89,0
DA:92,0
DA:96,0
DA:102,0
DA:103,0
DA:104,0
DA:105,0
DA:106,0
DA:108,0
DA:109,0
DA:112,0
DA:113,0
DA:117,0
DA:118,0
DA:119,0
DA:122,0
DA:123,0
DA:124,0
DA:127,0
DA:129,0
DA:132,0
DA:135,0
DA:136,0
DA:139,0
DA:140,0
DA:142,0
DA:152,0
DA:153,0
DA:154,0
DA:165,0
DA:167,0
DA:168,0
DA:170,0
DA:178,0
DA:186,0
DA:187,0
DA:188,0
DA:191,0
DA:195,0
DA:201,0
DA:202,0
DA:205,0
DA:207,0
DA:217,1
DA:218,1
DA:219,1
DA:220,32
DA:225,1
DA:226,1
DA:227,1
DA:228,1
DA:235,0
DA:236,0
DA:237,0
DA:242,1
DA:243,0
DA:246,1
DA:247,1
DA:248,1
DA:249,1
DA:250,1
DA:251,1
DA:252,1
DA:253,1
DA:255,1
DA:256,0
DA:259,1
DA:263,3
DA:265,3
DA:266,1
DA:269,2
DA:270,1
DA:273,1
DA:277,2
DA:279,2
DA:280,0
DA:283,2
DA:287,2
DA:289,2
DA:290,1
DA:294,1
DA:295,1
DA:298,1
DA:299,1
DA:306,3
DA:308,3
DA:309,1
DA:312,2
DA:313,1
DA:317,1
DA:321,1
DA:322,1
LF:125
LH:61
BRDA:22,0,0,1
BRDA:22,0,1,15
BRDA:26,1,0,2
BRDA:26,1,1,13
BRDA:30,2,0,0
BRDA:30,2,1,13
BRDA:30,3,0,13
BRDA:30,3,1,13
BRDA:35,4,0,0
BRDA:35,4,1,13
BRDA:35,5,0,13
BRDA:35,5,1,1
BRDA:39,6,0,0
BRDA:39,6,1,13
BRDA:39,7,0,13
BRDA:39,7,1,10
BRDA:43,8,0,0
BRDA:43,8,1,13
BRDA:43,9,0,13
BRDA:43,9,1,0
BRDA:50,10,0,13
BRDA:50,10,1,12
BRDA:51,11,0,13
BRDA:51,11,1,3
BRDA:68,12,0,0
BRDA:68,12,1,0
BRDA:68,13,0,0
BRDA:68,13,1,0
BRDA:73,14,0,0
BRDA:73,14,1,0
BRDA:108,15,0,0
BRDA:108,15,1,0
BRDA:109,16,0,0
BRDA:109,16,1,0
BRDA:112,17,0,0
BRDA:112,17,1,0
BRDA:118,18,0,0
BRDA:118,18,1,0
BRDA:123,19,0,0
BRDA:123,19,1,0
BRDA:144,20,0,0
BRDA:144,20,1,0
BRDA:146,21,0,0
BRDA:146,21,1,0
BRDA:146,22,0,0
BRDA:146,22,1,0
BRDA:146,23,0,0
BRDA:146,23,1,0
BRDA:146,24,0,0
BRDA:146,24,1,0
BRDA:146,25,0,0
BRDA:146,25,1,0
BRDA:147,26,0,0
BRDA:147,26,1,0
BRDA:167,27,0,0
BRDA:167,27,1,0
BRDA:167,28,0,0
BRDA:167,28,1,0
BRDA:167,29,0,0
BRDA:167,29,1,0
BRDA:168,30,0,0
BRDA:168,30,1,0
BRDA:168,31,0,0
BRDA:168,31,1,0
BRDA:168,32,0,0
BRDA:168,32,1,0
BRDA:186,33,0,0
BRDA:186,33,1,0
BRDA:188,34,0,0
BRDA:188,34,1,0
BRDA:201,35,0,0
BRDA:201,35,1,0
BRDA:242,36,0,0
BRDA:242,36,1,1
BRDA:249,37,0,1
BRDA:249,37,1,0
BRDA:251,38,0,1
BRDA:251,38,1,0
BRDA:251,39,0,0
BRDA:251,39,1,1
BRDA:251,40,0,1
BRDA:251,40,1,1
BRDA:255,41,0,0
BRDA:255,41,1,1
BRDA:265,42,0,1
BRDA:265,42,1,2
BRDA:265,43,0,3
BRDA:265,43,1,2
BRDA:269,44,0,1
BRDA:269,44,1,1
BRDA:279,45,0,0
BRDA:279,45,1,2
BRDA:279,46,0,2
BRDA:279,46,1,2
BRDA:283,47,0,2
BRDA:283,47,1,1
BRDA:289,48,0,1
BRDA:289,48,1,1
BRDA:289,49,0,2
BRDA:289,49,1,1
BRDA:308,50,0,1
BRDA:308,50,1,2
BRDA:308,51,0,3
BRDA:308,51,1,2
BRDA:312,52,0,1
BRDA:312,52,1,1
BRF:106
BRH:47
end_of_record
